<?xml version="1.0" encoding="UTF-8"?>
<!-- Generated by org.testng.reporters.JUnitReportReporter -->
<testsuite hostname="DESKTOP-628K9RV" failures="0" tests="2" name="qaclickacademy.MavenHome.RestApiTest" time="0.020" errors="0" timestamp="2021-02-24T22:13:28 IST" skipped="0">
  <testcase classname="qaclickacademy.MavenHome.RestApiTest" name="browserauthenrest" time="0.006"/>
  <system-out/>
  <testcase classname="qaclickacademy.MavenHome.RestApiTest" name="UiElementsrest" time="0.014"/>
  <system-out/>
</testsuite> <!-- qaclickacademy.MavenHome.RestApiTest -->
