<?xml version="1.0" encoding="UTF-8"?>
<!-- Generated by org.testng.reporters.JUnitReportReporter -->
<testsuite hostname="DESKTOP-628K9RV" failures="0" tests="2" name="qaclickacademy.MavenHome.AndroidTest" time="0.004" errors="0" timestamp="2021-02-24T22:13:28 IST" skipped="0">
  <testcase classname="qaclickacademy.MavenHome.AndroidTest" name="browserauthenrestandroid" time="0.002"/>
  <system-out/>
  <testcase classname="qaclickacademy.MavenHome.AndroidTest" name="UiElementsrestandroid" time="0.002"/>
  <system-out/>
</testsuite> <!-- qaclickacademy.MavenHome.AndroidTest -->
