<?xml version="1.0" encoding="UTF-8"?>
<!-- Generated by org.testng.reporters.JUnitReportReporter -->
<testsuite hostname="DESKTOP-628K9RV" failures="0" tests="2" name="qaclickacademy.MavenHome.SeleniumTest" time="0.001" errors="0" timestamp="2021-02-24T22:09:57 IST" skipped="0">
  <testcase classname="qaclickacademy.MavenHome.SeleniumTest" name="seleniumtest" time="0.001"/>
  <system-out/>
  <testcase classname="qaclickacademy.MavenHome.SeleniumTest" name="UiElementsselenium" time="0.000"/>
  <system-out/>
</testsuite> <!-- qaclickacademy.MavenHome.SeleniumTest -->
