<?xml version="1.0" encoding="UTF-8"?>
<!-- Generated by org.testng.reporters.JUnitReportReporter -->
<testsuite hostname="DESKTOP-628K9RV" failures="0" tests="2" name="qaclickacademy.MavenHome.AndroidTest" time="0.001" errors="0" timestamp="2021-02-25T18:54:53 IST" skipped="0">
  <testcase classname="qaclickacademy.MavenHome.AndroidTest" name="UiElementsrestandroid" time="0.000"/>
  <system-out/>
  <testcase classname="qaclickacademy.MavenHome.AndroidTest" name="browserauthenrestandroid" time="0.001"/>
  <system-out/>
</testsuite> <!-- qaclickacademy.MavenHome.AndroidTest -->
